<?xml version="1.0" encoding="UTF-8"?>
<testsuite name="com.bridgelabz.indianStatesCensus.TestCSVState" tests="5" skipped="0" failures="0" errors="0" timestamp="2020-04-10T05:47:42" hostname="LAPTOP-M8PELJBS" time="0.325">
  <properties/>
  <testcase name="givenStateCSVFile_WhenIncorrectReturn_ShouldReturnSad1" classname="com.bridgelabz.indianStatesCensus.TestCSVState" time="0.159"/>
  <testcase name="givenStateCSVFile_WhenCorrect_ButTypeIncorrect_ShouldReturnException" classname="com.bridgelabz.indianStatesCensus.TestCSVState" time="0.036"/>
  <testcase name="givenStateCSVFile_WhenCorrect_ButDelimiterIncorrect_ShouldReturnException" classname="com.bridgelabz.indianStatesCensus.TestCSVState" time="0.031"/>
  <testcase name="givenNumberOfRecords_whenRecordsMatches_ShouldReturnHappy" classname="com.bridgelabz.indianStatesCensus.TestCSVState" time="0.051"/>
  <testcase name="givenStateCSVFile_WhenIncorrectReturn_ShouldReturnSad" classname="com.bridgelabz.indianStatesCensus.TestCSVState" time="0.043"/>
  <system-out><![CDATA[State:Uttar Pradesh
State:199812341
State:240928
State:828
State:Maharashtra
State:112372972
State:307713
State:365
State:Bihar
State:103804637
State:94163
State:1102
State:West Bengal
State:91347736
State:88752
State:1029
State:Madhya Pradesh
State:72597565
State:308245
State:236
State:Tamil Nadu
State:72138958
State:130058
State:555
State:Rajasthan
State:68621012
State:342239
State:201
State:Karnataka
State:61130704
State:191791
State:319
State:Gujarat
State:60383628
State:196024
State:308
State:Andhra Pradesh
State:49386799
State:162968
State:303
State:Odisha
State:41947358
State:155707
State:269
State:Telangana
State:35286757
State:114840
State:307
State:Kerala
State:33387677
State:38863
State:859
State:Jharkhand
State:32966238
State:79714
State:414
State:Assam
State:31169272
State:78438
State:397
State:Punjab
State:27704236
State:50362
State:550
State:Chattisgarh
State:25540196
State:135191
State:189
State:Haryana
State:25353081
State:44212
State:573
State:Jammu and Kashmir
State:12548926
State:222236
State:57
State:Uttarakhand
State:10116752
State:53483
State:189
State:Himachal Pradesh
State:6864602
State:55673
State:123
State:Tripura
State:3671032
State:10486
State:350
State:Meghalaya
State:2964007
State:22429
State:132
State:Manipur
State:2721756
State:22327
State:122
State:Nagaland
State:1980602
State:16579
State:119
State:Goa
State:1457723
State:3702
State:394
State:Arunachal Pradesh
State:1382611
State:21000
State:50
State:Mizoram
State:1091014
State:21081
State:52
State:Sikkim
State:607688
State:7096
State:86
State:Uttar Pradesh
State:199812341
State:240928
State:828
State:Maharashtra
State:112372972
State:307713
State:365
State:Bihar
State:103804637
State:94163
State:1102
State:West Bengal
State:91347736
State:88752
State:1029
State:Madhya Pradesh
State:72597565
State:308245
State:236
State:Tamil Nadu
State:72138958
State:130058
State:555
State:Rajasthan
State:68621012
State:342239
State:201
State:Karnataka
State:61130704
State:191791
State:319
State:Gujarat
State:60383628
State:196024
State:308
State:Andhra Pradesh
State:49386799
State:162968
State:303
State:Odisha
State:41947358
State:155707
State:269
State:Telangana
State:35286757
State:114840
State:307
State:Kerala
State:33387677
State:38863
State:859
State:Jharkhand
State:32966238
State:79714
State:414
State:Assam
State:31169272
State:78438
State:397
State:Punjab
State:27704236
State:50362
State:550
State:Chattisgarh
State:25540196
State:135191
State:189
State:Haryana
State:25353081
State:44212
State:573
State:Jammu and Kashmir
State:12548926
State:222236
State:57
State:Uttarakhand
State:10116752
State:53483
State:189
State:Himachal Pradesh
State:6864602
State:55673
State:123
State:Tripura
State:3671032
State:10486
State:350
State:Meghalaya
State:2964007
State:22429
State:132
State:Manipur
State:2721756
State:22327
State:122
State:Nagaland
State:1980602
State:16579
State:119
State:Goa
State:1457723
State:3702
State:394
State:Arunachal Pradesh
State:1382611
State:21000
State:50
State:Mizoram
State:1091014
State:21081
State:52
State:Sikkim
State:607688
State:7096
State:86
State:Uttar Pradesh
State:199812341
State:240928
State:828
State:Maharashtra
State:112372972
State:307713
State:365
State:Bihar
State:103804637
State:94163
State:1102
State:West Bengal
State:91347736
State:88752
State:1029
State:Madhya Pradesh
State:72597565
State:308245
State:236
State:Tamil Nadu
State:72138958
State:130058
State:555
State:Rajasthan
State:68621012
State:342239
State:201
State:Karnataka
State:61130704
State:191791
State:319
State:Gujarat
State:60383628
State:196024
State:308
State:Andhra Pradesh
State:49386799
State:162968
State:303
State:Odisha
State:41947358
State:155707
State:269
State:Telangana
State:35286757
State:114840
State:307
State:Kerala
State:33387677
State:38863
State:859
State:Jharkhand
State:32966238
State:79714
State:414
State:Assam
State:31169272
State:78438
State:397
State:Punjab
State:27704236
State:50362
State:550
State:Chattisgarh
State:25540196
State:135191
State:189
State:Haryana
State:25353081
State:44212
State:573
State:Jammu and Kashmir
State:12548926
State:222236
State:57
State:Uttarakhand
State:10116752
State:53483
State:189
State:Himachal Pradesh
State:6864602
State:55673
State:123
State:Tripura
State:3671032
State:10486
State:350
State:Meghalaya
State:2964007
State:22429
State:132
State:Manipur
State:2721756
State:22327
State:122
State:Nagaland
State:1980602
State:16579
State:119
State:Goa
State:1457723
State:3702
State:394
State:Arunachal Pradesh
State:1382611
State:21000
State:50
State:Mizoram
State:1091014
State:21081
State:52
State:Sikkim
State:607688
State:7096
State:86
State:Uttar Pradesh
State:199812341
State:240928
State:828
State:Maharashtra
State:112372972
State:307713
State:365
State:Bihar
State:103804637
State:94163
State:1102
State:West Bengal
State:91347736
State:88752
State:1029
State:Madhya Pradesh
State:72597565
State:308245
State:236
State:Tamil Nadu
State:72138958
State:130058
State:555
State:Rajasthan
State:68621012
State:342239
State:201
State:Karnataka
State:61130704
State:191791
State:319
State:Gujarat
State:60383628
State:196024
State:308
State:Andhra Pradesh
State:49386799
State:162968
State:303
State:Odisha
State:41947358
State:155707
State:269
State:Telangana
State:35286757
State:114840
State:307
State:Kerala
State:33387677
State:38863
State:859
State:Jharkhand
State:32966238
State:79714
State:414
State:Assam
State:31169272
State:78438
State:397
State:Punjab
State:27704236
State:50362
State:550
State:Chattisgarh
State:25540196
State:135191
State:189
State:Haryana
State:25353081
State:44212
State:573
State:Jammu and Kashmir
State:12548926
State:222236
State:57
State:Uttarakhand
State:10116752
State:53483
State:189
State:Himachal Pradesh
State:6864602
State:55673
State:123
State:Tripura
State:3671032
State:10486
State:350
State:Meghalaya
State:2964007
State:22429
State:132
State:Manipur
State:2721756
State:22327
State:122
State:Nagaland
State:1980602
State:16579
State:119
State:Goa
State:1457723
State:3702
State:394
State:Arunachal Pradesh
State:1382611
State:21000
State:50
State:Mizoram
State:1091014
State:21081
State:52
State:Sikkim
State:607688
State:7096
State:86
State:Uttar Pradesh
State:199812341
State:240928
State:828
State:Maharashtra
State:112372972
State:307713
State:365
State:Bihar
State:103804637
State:94163
State:1102
State:West Bengal
State:91347736
State:88752
State:1029
State:Madhya Pradesh
State:72597565
State:308245
State:236
State:Tamil Nadu
State:72138958
State:130058
State:555
State:Rajasthan
State:68621012
State:342239
State:201
State:Karnataka
State:61130704
State:191791
State:319
State:Gujarat
State:60383628
State:196024
State:308
State:Andhra Pradesh
State:49386799
State:162968
State:303
State:Odisha
State:41947358
State:155707
State:269
State:Telangana
State:35286757
State:114840
State:307
State:Kerala
State:33387677
State:38863
State:859
State:Jharkhand
State:32966238
State:79714
State:414
State:Assam
State:31169272
State:78438
State:397
State:Punjab
State:27704236
State:50362
State:550
State:Chattisgarh
State:25540196
State:135191
State:189
State:Haryana
State:25353081
State:44212
State:573
State:Jammu and Kashmir
State:12548926
State:222236
State:57
State:Uttarakhand
State:10116752
State:53483
State:189
State:Himachal Pradesh
State:6864602
State:55673
State:123
State:Tripura
State:3671032
State:10486
State:350
State:Meghalaya
State:2964007
State:22429
State:132
State:Manipur
State:2721756
State:22327
State:122
State:Nagaland
State:1980602
State:16579
State:119
State:Goa
State:1457723
State:3702
State:394
State:Arunachal Pradesh
State:1382611
State:21000
State:50
State:Mizoram
State:1091014
State:21081
State:52
State:Sikkim
State:607688
State:7096
State:86
]]></system-out>
  <system-err><![CDATA[]]></system-err>
</testsuite>
