<?xml version="1.0" encoding="UTF-8"?>
<testsuite name="com.bridgelabz.indianStatesCensus.TestCSVState" tests="1" skipped="0" failures="0" errors="0" timestamp="2020-04-09T17:18:34" hostname="LAPTOP-M8PELJBS" time="0.013">
  <properties/>
  <testcase name="givenStateCSVFile_WhenIncorrectReturn_ShouldReturnSad" classname="com.bridgelabz.indianStatesCensus.TestCSVState" time="0.013"/>
  <system-out><![CDATA[ENTER PROPER FILE
]]></system-out>
  <system-err><![CDATA[]]></system-err>
</testsuite>
